2024-07-31T13:12:31.140Z [INFO   ] - {"unique":123457,"email":"ram@gmail.com"}
2024-07-31T13:14:04.595Z [INFO   ] - {"unique":123457,"email":"ram@gmail.com"}
2024-07-31T13:15:19.275Z [INFO   ] - {"unique":123457,"email":"ram@gmail.com"}
2024-07-31T13:16:39.941Z [INFO   ] - {"unique":123457,"email":"ram@gmail.com"}
2024-07-31T13:16:41.365Z [INFO   ] - {"unique":123457,"email":"ram@gmail.com"}
2024-07-31T13:16:42.784Z [INFO   ] - {"unique":123457,"email":"ram@gmail.com"}
2024-07-31T13:16:44.560Z [INFO   ] - {"unique":123457,"email":"ram@gmail.com"}
2024-07-31T13:16:44.783Z [INFO   ] - {"unique":123457,"email":"ram@gmail.com"}
2024-07-31T13:16:49.522Z [INFO   ] - {"unique":123457,"email":"ram@gmail.com"}
2024-07-31T13:16:51.055Z [INFO   ] - {"unique":123457,"email":"ram@gmail.com"}
2024-07-31T13:17:06.041Z [INFO   ] - {"unique":123457,"email":"ram@gmail.com"}
2024-07-31T13:17:07.683Z [INFO   ] - {"unique":123457,"email":"ram@gmail.com"}
2024-07-31T13:17:08.222Z [INFO   ] - {"unique":123457,"email":"ram@gmail.com"}
2024-07-31T13:17:41.151Z [INFO   ] - {"unique":123457,"email":"ram@gmail.com"}
2024-07-31T13:18:09.500Z [INFO   ] - {"unique":123457,"email":"ram@gmail.com"}
2024-07-31T13:18:49.160Z [INFO   ] - {"unique":"123456","email":"ram@gmail.com"}
2024-07-31T13:19:24.609Z [INFO   ] - {"unique":"123456","email":"ram@gmail.com"}
2024-07-31T13:21:06.760Z [INFO   ] - {"unique":123564,"email":"ram@gmail.com"}
2024-07-31T13:22:19.668Z [INFO   ] - {"unique":123564,"email":"ram@gmail.com"}
2024-07-31T13:23:13.112Z [INFO   ] - {"unique":123564,"email":"ram@gmail.com"}
2024-07-31T13:24:12.710Z [INFO   ] - {"unique":123564,"email":"ram@gmail.com"}
2024-07-31T13:25:44.544Z [INFO   ] - {"unique":123564,"email":"ram@gmail.com"}
2024-07-31T13:27:24.565Z [INFO   ] - {"unique":123564,"email":"ram@gmail.com"}
2024-07-31T13:28:51.894Z [INFO   ] - {"unique":123467,"email":"reetick255870@gmail.com"}
2024-07-31T13:31:38.917Z [INFO   ] - {"unique":123467,"email":"reetick255870@gmail.com"}
2024-07-31T13:33:45.994Z [INFO   ] - {"unique":123467,"email":"reetick255870@gmail.com"}
2024-07-31T13:35:42.829Z [INFO   ] - {"unique":123467,"email":"reetick255870@gmail.com"}
2024-07-31T13:36:48.969Z [INFO   ] - {"unique":123467,"email":"reetick255870@gmail.com"}
2024-07-31T14:25:56.763Z [INFO   ] - {"unique":123467,"email":"reetick255870@gmail.com"}
2024-07-31T14:29:03.360Z [INFO   ] - {"unique":123467,"email":"reetick255870@gmail.com"}
2024-07-31T14:30:06.624Z [INFO   ] - {"unique":123564,"email":"ram@gmail.com"}
2024-07-31T14:32:24.082Z [INFO   ] - {"unique":123564,"email":"ram@gmail.com"}
2024-07-31T14:34:56.602Z [INFO   ] - {"unique":123564,"email":"ram@gmail.com"}
2024-07-31T14:35:36.120Z [INFO   ] - {"unique":123564,"email":"ram@gmail.com"}
2024-07-31T14:37:00.381Z [INFO   ] - {"unique":123564,"email":"ram@gmail.com"}
2024-07-31T14:47:36.479Z [INFO   ] - {"unique":123564,"email":"ram@gmail.com"}
2024-07-31T14:52:23.204Z [INFO   ] - {"unique":123564,"email":"ram@gmail.com"}
2024-07-31T14:52:29.396Z [INFO   ] - {"unique":123564,"email":"ram@gmail.com"}
2024-07-31T14:53:38.380Z [INFO   ] - {"unique":123564,"email":"ram@gmail.com"}
2024-07-31T14:56:59.387Z [INFO   ] - {"unique":123564,"email":"ram@gmail.com"}
2024-07-31T15:01:09.529Z [INFO   ] - {"unique":123564,"email":"ram@gmail.com"}
2024-07-31T15:02:21.174Z [INFO   ] - {"unique":123564,"email":"ram@gmail.com"}
2024-07-31T15:03:26.487Z [INFO   ] - {"unique":123564,"email":"ram@gmail.com"}
2024-07-31T15:04:40.175Z [INFO   ] - {"unique":123467,"email":"reetick255870@gmail.com"}
2024-07-31T15:06:28.129Z [INFO   ] - {"unique":123467,"email":"reetick255870@gmail.com"}
2024-07-31T15:19:02.875Z [INFO   ] - {"unique":123467,"email":"reetick255870@gmail.com"}
2024-07-31T15:23:17.474Z [INFO   ] - {"unique":123467,"email":"reetick255870@gmail.com"}
2024-07-31T15:26:20.790Z [INFO   ] - {"unique":123467,"email":"reetick255870@gmail.com"}
2024-07-31T15:28:07.870Z [INFO   ] - {"unique":123467,"email":"reetick255870@gmail.com"}
2024-07-31T15:30:00.548Z [INFO   ] - {"unique":123467,"email":"reetick255870@gmail.com"}
2024-07-31T15:33:24.510Z [INFO   ] - {"unique":123467,"email":"reetick255870@gmail.com"}
2024-07-31T15:38:57.229Z [INFO   ] - {"unique":123467,"email":"reetick255870@gmail.com"}
2024-07-31T15:46:58.020Z [INFO   ] - {"unique":123467,"email":"reetick255870@gmail.com"}
2024-07-31T15:47:21.883Z [INFO   ] - {"unique":123467,"email":"reetick255870@gmail.com"}
2024-07-31T15:49:46.482Z [INFO   ] - {"unique":123467,"email":"reetick255870@gmail.com"}
2024-07-31T15:52:48.227Z [INFO   ] - {"unique":123467,"email":"reetick255870@gmail.com"}
2024-07-31T15:57:48.707Z [INFO   ] - {"unique":123467,"email":"reetick255870@gmail.com"}
2024-07-31T15:58:19.571Z [INFO   ] - {"unique":123467,"email":"reetick255870@gmail.com"}
2024-07-31T16:09:44.799Z [INFO   ] - {"unique":123467,"email":"reetick255870@gmail.com"}
2024-07-31T16:11:41.337Z [INFO   ] - {"unique":123467,"email":"reetick255870@gmail.com"}
2024-07-31T16:12:55.571Z [INFO   ] - {"unique":123467,"email":"reetick255870@gmail.com"}
2024-08-01T07:15:11.280Z [INFO   ] - {"unique":123457,"email":"reetick255870@gmail.com"}
2024-08-01T07:47:20.142Z [INFO   ] - {"unique":123457,"email":"debarati.sen@aiinhome.com"}
2024-08-01T08:23:29.054Z [INFO   ] - {"unique":123457,"email":"debarati.sen@aiinhome.com"}
2024-08-01T08:25:05.672Z [INFO   ] - {"unique":123457,"email":"debarati.sen@aiinhome.com"}
2024-08-01T08:25:10.107Z [INFO   ] - {"unique":123457,"email":"debarati.sen@aiinhome.com"}
2024-08-01T08:25:22.400Z [INFO   ] - {"unique":123457,"email":"debarati.sen@aiinhome.com"}
2024-08-01T08:26:09.970Z [INFO   ] - {"unique":123457,"email":"debarati.sen@aiinhome.com"}
2024-08-01T08:27:18.539Z [INFO   ] - {"unique":123457,"email":"debarati.sen@aiinhome.com"}
2024-08-01T08:27:46.833Z [INFO   ] - {"unique":123457,"email":"debarati.sen@aiinhome.com"}
2024-08-01T08:28:58.763Z [INFO   ] - {"unique":123457,"email":"debarati.sen@aiinhome.com"}
2024-08-01T08:46:33.488Z [INFO   ] - {"unique":123457,"email":"reetick255870@gmail.com"}
2024-08-01T08:50:06.930Z [INFO   ] - {"unique":123579,"email":"subha@gmail.com"}
2024-08-01T09:33:08.492Z [INFO   ] - {"unique":123457,"email":"reetick255870@gmail.com"}
2024-08-01T12:02:36.053Z [INFO   ] - {"unique":123457,"email":"debarati.sen@aiinhome.com"}
2024-08-01T13:00:50.499Z [INFO   ] - {"unique":123584,"email":"reetick255870@gmail.com"}
2024-08-01T13:04:31.126Z [INFO   ] - {"unique":123584,"email":"reetick255870@gmail.com"}
2024-08-01T13:13:41.932Z [INFO   ] - {"unique":123584,"email":"reetick255870@gmail.com"}
2024-08-01T13:14:18.510Z [INFO   ] - {"unique":123584,"email":"reetick255870@gmail.com"}
2024-08-01T13:30:33.335Z [INFO   ] - {"unique":123584,"email":"reetick255870@gmail.com"}
2024-08-01T13:31:29.289Z [INFO   ] - {"unique":123584,"email":"reetick255870@gmail.com"}
2024-08-01T13:32:29.884Z [INFO   ] - {"unique":123584,"email":"reetick255870@gmail.com"}
2024-08-01T13:42:24.056Z [INFO   ] - {"unique":123584,"email":"reetick255870@gmail.com"}
2024-08-01T13:43:04.872Z [INFO   ] - {"unique":123584,"email":"reetick255870@gmail.com"}
2024-08-01T13:44:51.173Z [INFO   ] - {"unique":123584,"email":"reetick255870@gmail.com"}
2024-08-01T13:44:59.602Z [INFO   ] - {"unique":123584,"email":"reetick255870@gmail.com"}
2024-08-01T13:46:42.726Z [INFO   ] - {"unique":123584,"email":"reetick255870@gmail.com"}
2024-08-01T13:46:56.192Z [INFO   ] - {"unique":123584,"email":"reetick255870@gmail.com"}
2024-08-01T13:50:14.642Z [INFO   ] - {"unique":123584,"email":"reetick255870@gmail.com"}
2024-08-01T13:56:29.291Z [INFO   ] - {"unique":"ram@gmail.com","email":"reetick255870@gmail.com"}
2024-08-01T13:57:05.183Z [INFO   ] - {"unique":"ram@gmail.com","email":"reetick255870@gmail.com"}
2024-08-01T14:03:45.283Z [INFO   ] - {"unique":123467,"email":"reetick255870@gmail.com"}
2024-08-01T14:05:06.138Z [INFO   ] - {"unique":123467,"email":"reetick255870@gmail.com"}
2024-08-01T14:11:03.617Z [INFO   ] - {"unique":123467,"email":"reetick255870@gmail.com"}
2024-08-01T14:15:38.580Z [INFO   ] - {"unique":123467,"email":"reetick255870@gmail.com"}
2024-08-01T14:23:55.581Z [INFO   ] - {"unique":123467,"email":"reetick255870@gmail.com"}
2024-08-01T14:28:10.045Z [INFO   ] - {"unique":123584,"email":"reetick255870@gmail.com"}
2024-08-01T14:43:10.493Z [INFO   ] - {"unique":123467,"email":"reetick255870@gmail.com"}
2024-08-01T14:51:37.299Z [INFO   ] - {"unique":123584,"email":"reetick255870@gmail.com"}
2024-08-01T14:52:31.417Z [INFO   ] - {"unique":123467,"email":"reetick255870@gmail.com"}
2024-08-01T14:56:12.491Z [INFO   ] - {"unique":123467,"email":"reetick255870@gmail.com"}
2024-08-01T14:59:27.483Z [INFO   ] - {"unique":123467,"email":"reetick255870@gmail.com"}
2024-08-01T15:05:15.877Z [INFO   ] - {"unique":123467,"email":"reetick255870@gmail.com"}
2024-08-01T15:09:30.891Z [INFO   ] - {"unique":123457,"email":"sam@gmail.com"}
2024-08-01T15:10:18.044Z [INFO   ] - {"unique":123457,"email":"sam@gmail.com"}
2024-08-01T15:13:23.659Z [INFO   ] - {"unique":123467,"email":"sam@gmail.com"}
2024-08-01T15:17:50.721Z [INFO   ] - {"unique":123467,"email":"reetick255870@gmail.com"}
2024-08-01T15:19:56.906Z [INFO   ] - {"unique":123467,"email":"reetick255870@gmail.com"}
2024-08-01T15:24:11.394Z [INFO   ] - {"unique":123467,"email":"reetick255870@gmail.com"}
2024-08-01T15:26:51.216Z [INFO   ] - {"unique":123467,"email":"reetick255870@gmail.com"}
2024-08-01T15:35:17.554Z [INFO   ] - {"unique":123467,"email":"reetick255870@gmail.com"}
2024-08-01T15:38:20.081Z [INFO   ] - {"unique":123467,"email":"reetick255870@gmail.com"}
2024-08-01T15:45:23.223Z [INFO   ] - {"unique":123467,"email":"reetick255870@gmail.com"}
2024-08-01T15:54:27.562Z [INFO   ] - {"unique":123467,"email":"reetick255870@gmail.com"}
2024-08-01T15:57:07.041Z [INFO   ] - {"unique":123467,"email":"reetick255870@gmail.com"}
2024-08-01T15:59:51.278Z [INFO   ] - {"unique":123467,"email":"reetick255870@gmail.com"}
2024-08-01T16:01:46.893Z [INFO   ] - {"unique":123467,"email":"reetick255870@gmail.com"}
2024-08-01T16:03:06.222Z [INFO   ] - {"unique":123467,"email":"reetick255870@gmail.com"}
2024-08-01T16:03:58.025Z [INFO   ] - {"unique":123467,"email":"reetick255870@gmail.com"}
2024-08-01T16:07:05.318Z [INFO   ] - {"unique":123581,"email":"ram@gmail.com"}
2024-08-01T16:19:45.881Z [INFO   ] - {"unique":123581,"email":"ram@gmail.com"}
2024-08-01T16:23:03.728Z [INFO   ] - {"unique":123581,"email":"ram@gmail.com"}
2024-08-01T16:23:38.559Z [INFO   ] - {"unique":123581,"email":"ram@gmail.com"}
2024-08-01T16:36:54.827Z [INFO   ] - {"unique":123581,"email":"ram@gmail.com"}
2024-08-01T16:37:41.701Z [INFO   ] - {"unique":123581,"email":"ram@gmail.com"}
2024-08-01T16:39:52.085Z [INFO   ] - {"unique":123584,"email":"ram@gmail.com"}
2024-08-01T16:48:30.749Z [INFO   ] - {"unique":123467,"email":"debasishsahoo510@gmail.com"}
2024-08-01T16:51:55.160Z [INFO   ] - {"unique":123467,"email":"debasishsahoo510@gmail.com"}
2024-08-01T16:51:55.166Z [INFO   ] - {"unique":123467,"email":"debasishsahoo510@gmail.com"}
2024-08-01T16:51:55.185Z [INFO   ] - {"unique":123467,"email":"debasishsahoo510@gmail.com"}
2024-08-01T16:51:55.200Z [INFO   ] - {"unique":123467,"email":"debasishsahoo510@gmail.com"}
2024-08-01T16:51:55.777Z [INFO   ] - {"unique":123467,"email":"debasishsahoo510@gmail.com"}
2024-08-01T16:52:33.767Z [INFO   ] - {"unique":123467,"email":"debasishsahoo510@gmail.com"}
2024-08-01T16:54:40.313Z [INFO   ] - {"unique":123467,"email":"debasishsahoo510@gmail.com"}
2024-08-01T16:56:43.373Z [INFO   ] - {"unique":123584,"email":"ram@gmail.com"}
2024-08-01T17:00:21.244Z [INFO   ] - {"unique":123467,"email":"debasishsahoo510@gmail.com"}
2024-08-01T18:17:39.959Z [INFO   ] - {"unique":123581,"email":"debasishsahoo510@gmail.com"}
2024-08-01T18:18:26.402Z [INFO   ] - {"unique":123581,"email":"debasishsahoo510@gmail.com"}
2024-08-01T18:20:03.207Z [INFO   ] - {"unique":123581,"email":"debasishsahoo510@gmail.com"}
2024-08-01T18:21:34.407Z [INFO   ] - {"unique":123581,"email":"debasishsahoo510@gmail.com"}
2024-08-01T18:21:40.077Z [INFO   ] - {"unique":123581,"email":"debasishsahoo510@gmail.com"}
2024-08-01T18:21:56.842Z [INFO   ] - {"unique":123581,"email":"debasishsahoo510@gmail.com"}
2024-08-01T18:22:06.476Z [INFO   ] - {"unique":123581,"email":"debasishsahoo510@gmail.com"}
2024-08-01T18:25:25.074Z [INFO   ] - {"unique":123581,"email":"debasishsahoo510@gmail.com"}
2024-08-01T18:26:38.609Z [INFO   ] - {"unique":123584,"email":"reetick255870@gmail.com"}
2024-08-01T18:28:13.091Z [INFO   ] - {"unique":123581,"email":"debasishsahoo510@gmail.com"}
2024-08-01T18:28:29.140Z [INFO   ] - {"unique":123581,"email":"debasishsahoo510@gmail.com"}
2024-08-01T18:28:42.429Z [INFO   ] - {"unique":123584,"email":"reetick255870@gmail.com"}
2024-08-02T05:03:25.318Z [INFO   ] - {"unique":"john@gmail.com","email":"reetick255870@gmail.com"}
2024-08-02T05:03:41.078Z [INFO   ] - {"unique":123459,"email":"reetick255870@gmail.com"}
2024-08-02T05:06:35.147Z [INFO   ] - {"unique":123581,"email":"john@gmail.com"}
2024-08-02T05:10:04.125Z [INFO   ] - {"unique":123459,"email":"reetick255870@gmail.com"}
2024-08-02T05:20:00.118Z [INFO   ] - {"unique":123459,"email":"reetick255870@gmail.com"}
2024-08-02T05:20:28.393Z [INFO   ] - {"unique":123459,"email":"reetick255870@gmail.com"}
2024-08-02T05:20:51.461Z [INFO   ] - {"unique":123459,"email":"reetick255870@gmail.com"}
2024-08-02T05:24:59.503Z [INFO   ] - {"unique":123459,"email":"reetick255870@gmail.com"}
2024-08-02T05:25:32.793Z [INFO   ] - {"unique":123459,"email":"reetick255870@gmail.com"}
2024-08-02T05:26:16.627Z [INFO   ] - {"unique":123459,"email":"reetick255870@gmail.com"}
2024-08-02T05:34:16.172Z [INFO   ] - {"unique":123467,"email":"reetick255870@gmail.com"}
2024-08-02T05:41:29.359Z [INFO   ] - {"unique":123582,"email":"reetick255870@gmail.com"}
2024-08-02T05:44:10.329Z [INFO   ] - {"unique":123582,"email":"reetick255870@gmail.com"}
2024-08-02T05:46:40.353Z [INFO   ] - {"unique":123582,"email":"reetick255870@gmail.com"}
2024-08-02T06:24:01.757Z [INFO   ] - {"unique":123582,"email":"debarati.sen@aiinhome.com"}
2024-08-02T06:25:45.493Z [INFO   ] - {"unique":123582,"email":"debarati.sen@aiinhome.com"}
2024-08-02T09:55:14.320Z [INFO   ] - {"unique":123581,"email":"subhasri.s@aiinhome.com"}
2024-08-02T12:51:49.403Z [INFO   ] - {"unique":123467,"email":"reetick255870@gmail.com"}
2024-08-02T12:54:31.463Z [INFO   ] - {"unique":123467,"email":"reetick255870@gmail.com"}
2024-08-02T12:55:11.981Z [INFO   ] - {"unique":123467,"email":"reetick255870@gmail.com"}
2024-08-02T12:56:11.836Z [INFO   ] - {"unique":123467,"email":"reetick255870@gmail.com"}
2024-08-03T06:58:54.212Z [INFO   ] - {"unique":123581,"email":"ram@gmail.com"}
2024-08-03T07:00:09.653Z [INFO   ] - {"unique":123581,"email":"ram@gmail.com"}
2024-08-03T07:11:09.857Z [INFO   ] - {"unique":123581,"email":"ram@gmail.com"}
2024-08-03T07:15:29.807Z [INFO   ] - {"unique":123467,"email":"reetick255870@gmail.com"}
2024-08-03T07:17:23.647Z [INFO   ] - {"unique":123467,"email":"reetick255870@gmail.com"}
